[2025-10-04 00:10:06] live.INFO: About to call POS Controller {"authenticated_user_id":1,"business_id":1,"request_method":"POST","request_data_keys":["location_id","contact_id","products","payment","discount_amount","discount_type","shipping_charges","sale_note","status","is_direct_sale","transaction_date","invoice_no","is_quotation","final_total","tax_rate_id","shipping_details","additional_notes","staff_note","commission_agent"],"products_count":1,"location_id":503,"contact_id":13} 
[2025-10-04 00:11:05] live.INFO: About to call POS Controller {"authenticated_user_id":1,"business_id":1,"request_method":"POST","request_data_keys":["location_id","contact_id","products","payment","discount_amount","discount_type","shipping_charges","sale_note","status","is_direct_sale","transaction_date","invoice_no","is_quotation","final_total","tax_rate_id","shipping_details","additional_notes","staff_note","commission_agent"],"products_count":1,"location_id":503,"contact_id":13} 
[2025-10-04 00:12:54] live.INFO: About to call POS Controller {"authenticated_user_id":1,"business_id":1,"request_method":"POST","request_data_keys":["location_id","contact_id","products","payment","discount_amount","discount_type","shipping_charges","sale_note","status","is_direct_sale","transaction_date","invoice_no","is_quotation","final_total","tax_rate_id","shipping_details","additional_notes","staff_note","commission_agent"],"products_count":1,"location_id":503,"contact_id":13} 
[2025-10-04 00:21:21] live.INFO: About to call POS Controller {"authenticated_user_id":1,"business_id":1,"request_method":"POST","request_data_keys":["location_id","contact_id","products","payment","discount_amount","discount_type","shipping_charges","sale_note","status","is_direct_sale","transaction_date","invoice_no","is_quotation","final_total","tax_rate_id","shipping_details","additional_notes","staff_note","commission_agent"],"products_count":1,"location_id":503,"contact_id":13} 
[2025-10-04 02:05:05] live.INFO: About to call POS Controller {"authenticated_user_id":1,"business_id":1,"request_method":"POST","request_data_keys":["location_id","contact_id","products","payment","discount_amount","discount_type","shipping_charges","sale_note","status","is_direct_sale","transaction_date","invoice_no","is_quotation","final_total","tax_rate_id","shipping_details","additional_notes","staff_note","commission_agent"],"products_count":1,"location_id":503,"contact_id":13} 
[2025-10-04 02:50:37] live.INFO: About to call POS Controller {"authenticated_user_id":1,"business_id":1,"request_method":"POST","request_data_keys":["location_id","contact_id","products","payment","discount_amount","discount_type","shipping_charges","sale_note","status","is_direct_sale","transaction_date","invoice_no","is_quotation","final_total","tax_rate_id","shipping_details","additional_notes","staff_note","commission_agent"],"products_count":1,"location_id":503,"contact_id":13} 
[2025-10-04 03:53:40] live.ERROR: Invalid characters present in locale. {"exception":"[object] (InvalidArgumentException(code: 0): Invalid characters present in locale. at /var/www/html/vendor/laravel/framework/src/Illuminate/Translation/Translator.php:441)
[stacktrace]
#0 /var/www/html/vendor/laravel/framework/src/Illuminate/Foundation/Application.php(1319): Illuminate\\Translation\\Translator->setLocale()
#1 /var/www/html/vendor/laravel/framework/src/Illuminate/Support/Facades/Facade.php(338): Illuminate\\Foundation\\Application->setLocale()
#2 /var/www/html/app/Providers/AppServiceProvider.php(45): Illuminate\\Support\\Facades\\Facade::__callStatic()
#3 /var/www/html/vendor/laravel/framework/src/Illuminate/Container/BoundMethod.php(36): App\\Providers\\AppServiceProvider->boot()
#4 /var/www/html/vendor/laravel/framework/src/Illuminate/Container/Util.php(41): Illuminate\\Container\\BoundMethod::Illuminate\\Container\\{closure}()
#5 /var/www/html/vendor/laravel/framework/src/Illuminate/Container/BoundMethod.php(93): Illuminate\\Container\\Util::unwrapIfClosure()
#6 /var/www/html/vendor/laravel/framework/src/Illuminate/Container/BoundMethod.php(35): Illuminate\\Container\\BoundMethod::callBoundMethod()
#7 /var/www/html/vendor/laravel/framework/src/Illuminate/Container/Container.php(661): Illuminate\\Container\\BoundMethod::call()
#8 /var/www/html/vendor/laravel/framework/src/Illuminate/Foundation/Application.php(954): Illuminate\\Container\\Container->call()
#9 /var/www/html/vendor/laravel/framework/src/Illuminate/Foundation/Application.php(935): Illuminate\\Foundation\\Application->bootProvider()
#10 [internal function]: Illuminate\\Foundation\\Application->Illuminate\\Foundation\\{closure}()
#11 /var/www/html/vendor/laravel/framework/src/Illuminate/Foundation/Application.php(934): array_walk()
#12 /var/www/html/vendor/laravel/framework/src/Illuminate/Foundation/Bootstrap/BootProviders.php(17): Illuminate\\Foundation\\Application->boot()
#13 /var/www/html/vendor/laravel/framework/src/Illuminate/Foundation/Application.php(265): Illuminate\\Foundation\\Bootstrap\\BootProviders->bootstrap()
#14 /var/www/html/vendor/laravel/framework/src/Illuminate/Foundation/Http/Kernel.php(176): Illuminate\\Foundation\\Application->bootstrapWith()
#15 /var/www/html/vendor/laravel/framework/src/Illuminate/Foundation/Http/Kernel.php(160): Illuminate\\Foundation\\Http\\Kernel->bootstrap()
#16 /var/www/html/vendor/laravel/framework/src/Illuminate/Foundation/Http/Kernel.php(134): Illuminate\\Foundation\\Http\\Kernel->sendRequestThroughRouter()
#17 /var/www/html/public/index.php(51): Illuminate\\Foundation\\Http\\Kernel->handle()
#18 {main}
"} 
[2025-10-04 03:53:42] live.ERROR: Invalid characters present in locale. {"exception":"[object] (InvalidArgumentException(code: 0): Invalid characters present in locale. at /var/www/html/vendor/laravel/framework/src/Illuminate/Translation/Translator.php:441)
[stacktrace]
#0 /var/www/html/vendor/laravel/framework/src/Illuminate/Foundation/Application.php(1319): Illuminate\\Translation\\Translator->setLocale()
#1 /var/www/html/vendor/laravel/framework/src/Illuminate/Support/Facades/Facade.php(338): Illuminate\\Foundation\\Application->setLocale()
#2 /var/www/html/app/Providers/AppServiceProvider.php(45): Illuminate\\Support\\Facades\\Facade::__callStatic()
#3 /var/www/html/vendor/laravel/framework/src/Illuminate/Container/BoundMethod.php(36): App\\Providers\\AppServiceProvider->boot()
#4 /var/www/html/vendor/laravel/framework/src/Illuminate/Container/Util.php(41): Illuminate\\Container\\BoundMethod::Illuminate\\Container\\{closure}()
#5 /var/www/html/vendor/laravel/framework/src/Illuminate/Container/BoundMethod.php(93): Illuminate\\Container\\Util::unwrapIfClosure()
#6 /var/www/html/vendor/laravel/framework/src/Illuminate/Container/BoundMethod.php(35): Illuminate\\Container\\BoundMethod::callBoundMethod()
#7 /var/www/html/vendor/laravel/framework/src/Illuminate/Container/Container.php(661): Illuminate\\Container\\BoundMethod::call()
#8 /var/www/html/vendor/laravel/framework/src/Illuminate/Foundation/Application.php(954): Illuminate\\Container\\Container->call()
#9 /var/www/html/vendor/laravel/framework/src/Illuminate/Foundation/Application.php(935): Illuminate\\Foundation\\Application->bootProvider()
#10 [internal function]: Illuminate\\Foundation\\Application->Illuminate\\Foundation\\{closure}()
#11 /var/www/html/vendor/laravel/framework/src/Illuminate/Foundation/Application.php(934): array_walk()
#12 /var/www/html/vendor/laravel/framework/src/Illuminate/Foundation/Bootstrap/BootProviders.php(17): Illuminate\\Foundation\\Application->boot()
#13 /var/www/html/vendor/laravel/framework/src/Illuminate/Foundation/Application.php(265): Illuminate\\Foundation\\Bootstrap\\BootProviders->bootstrap()
#14 /var/www/html/vendor/laravel/framework/src/Illuminate/Foundation/Http/Kernel.php(176): Illuminate\\Foundation\\Application->bootstrapWith()
#15 /var/www/html/vendor/laravel/framework/src/Illuminate/Foundation/Http/Kernel.php(160): Illuminate\\Foundation\\Http\\Kernel->bootstrap()
#16 /var/www/html/vendor/laravel/framework/src/Illuminate/Foundation/Http/Kernel.php(134): Illuminate\\Foundation\\Http\\Kernel->sendRequestThroughRouter()
#17 /var/www/html/public/index.php(51): Illuminate\\Foundation\\Http\\Kernel->handle()
#18 {main}
"} 
[2025-10-04 04:25:23] live.INFO: About to call POS Controller {"authenticated_user_id":1,"business_id":1,"request_method":"POST","request_data_keys":["location_id","contact_id","products","payment","discount_amount","discount_type","shipping_charges","sale_note","status","is_direct_sale","transaction_date","invoice_no","is_quotation","final_total","tax_rate_id","shipping_details","additional_notes","staff_note","commission_agent"],"products_count":1,"location_id":503,"contact_id":13} 
[2025-10-04 08:49:37] live.INFO: About to call POS Controller {"authenticated_user_id":1,"business_id":1,"request_method":"POST","request_data_keys":["location_id","contact_id","products","payment","discount_amount","discount_type","shipping_charges","sale_note","status","is_direct_sale","transaction_date","invoice_no","is_quotation","final_total","tax_rate_id","shipping_details","additional_notes","staff_note","commission_agent"],"products_count":1,"location_id":503,"contact_id":13} 
[2025-10-04 09:31:16] live.INFO: About to call POS Controller {"authenticated_user_id":1,"business_id":1,"request_method":"POST","request_data_keys":["location_id","contact_id","products","payment","discount_amount","discount_type","shipping_charges","sale_note","status","is_direct_sale","transaction_date","invoice_no","is_quotation","final_total","tax_rate_id","shipping_details","additional_notes","staff_note","commission_agent"],"products_count":1,"location_id":503,"contact_id":13} 
[2025-10-04 09:40:21] live.INFO: About to call POS Controller {"authenticated_user_id":1,"business_id":1,"request_method":"POST","request_data_keys":["location_id","contact_id","products","payment","discount_amount","discount_type","shipping_charges","sale_note","status","is_direct_sale","transaction_date","invoice_no","is_quotation","final_total","tax_rate_id","shipping_details","additional_notes","staff_note","commission_agent"],"products_count":1,"location_id":503,"contact_id":13} 
[2025-10-04 09:45:22] live.INFO: About to call POS Controller {"authenticated_user_id":1,"business_id":1,"request_method":"POST","request_data_keys":["location_id","contact_id","products","payment","discount_amount","discount_type","shipping_charges","sale_note","status","is_direct_sale","transaction_date","invoice_no","is_quotation","final_total","tax_rate_id","shipping_details","additional_notes","staff_note","commission_agent"],"products_count":1,"location_id":503,"contact_id":13} 
[2025-10-04 10:50:08] live.INFO: About to call POS Controller {"authenticated_user_id":1,"business_id":1,"request_method":"POST","request_data_keys":["location_id","contact_id","products","payment","discount_amount","discount_type","shipping_charges","sale_note","status","is_direct_sale","transaction_date","invoice_no","is_quotation","final_total","tax_rate_id","shipping_details","additional_notes","staff_note","commission_agent"],"products_count":1,"location_id":503,"contact_id":13} 
[2025-10-04 11:20:09] live.INFO: About to call POS Controller {"authenticated_user_id":1,"business_id":1,"request_method":"POST","request_data_keys":["location_id","contact_id","products","payment","discount_amount","discount_type","shipping_charges","sale_note","status","is_direct_sale","transaction_date","invoice_no","is_quotation","final_total","tax_rate_id","shipping_details","additional_notes","staff_note","commission_agent"],"products_count":1,"location_id":503,"contact_id":13} 
[2025-10-04 11:23:39] live.ERROR: Invalid characters present in locale. {"exception":"[object] (InvalidArgumentException(code: 0): Invalid characters present in locale. at /var/www/html/vendor/laravel/framework/src/Illuminate/Translation/Translator.php:441)
[stacktrace]
#0 /var/www/html/vendor/laravel/framework/src/Illuminate/Foundation/Application.php(1319): Illuminate\\Translation\\Translator->setLocale()
#1 /var/www/html/vendor/laravel/framework/src/Illuminate/Support/Facades/Facade.php(338): Illuminate\\Foundation\\Application->setLocale()
#2 /var/www/html/app/Providers/AppServiceProvider.php(45): Illuminate\\Support\\Facades\\Facade::__callStatic()
#3 /var/www/html/vendor/laravel/framework/src/Illuminate/Container/BoundMethod.php(36): App\\Providers\\AppServiceProvider->boot()
#4 /var/www/html/vendor/laravel/framework/src/Illuminate/Container/Util.php(41): Illuminate\\Container\\BoundMethod::Illuminate\\Container\\{closure}()
#5 /var/www/html/vendor/laravel/framework/src/Illuminate/Container/BoundMethod.php(93): Illuminate\\Container\\Util::unwrapIfClosure()
#6 /var/www/html/vendor/laravel/framework/src/Illuminate/Container/BoundMethod.php(35): Illuminate\\Container\\BoundMethod::callBoundMethod()
#7 /var/www/html/vendor/laravel/framework/src/Illuminate/Container/Container.php(661): Illuminate\\Container\\BoundMethod::call()
#8 /var/www/html/vendor/laravel/framework/src/Illuminate/Foundation/Application.php(954): Illuminate\\Container\\Container->call()
#9 /var/www/html/vendor/laravel/framework/src/Illuminate/Foundation/Application.php(935): Illuminate\\Foundation\\Application->bootProvider()
#10 [internal function]: Illuminate\\Foundation\\Application->Illuminate\\Foundation\\{closure}()
#11 /var/www/html/vendor/laravel/framework/src/Illuminate/Foundation/Application.php(934): array_walk()
#12 /var/www/html/vendor/laravel/framework/src/Illuminate/Foundation/Bootstrap/BootProviders.php(17): Illuminate\\Foundation\\Application->boot()
#13 /var/www/html/vendor/laravel/framework/src/Illuminate/Foundation/Application.php(265): Illuminate\\Foundation\\Bootstrap\\BootProviders->bootstrap()
#14 /var/www/html/vendor/laravel/framework/src/Illuminate/Foundation/Http/Kernel.php(176): Illuminate\\Foundation\\Application->bootstrapWith()
#15 /var/www/html/vendor/laravel/framework/src/Illuminate/Foundation/Http/Kernel.php(160): Illuminate\\Foundation\\Http\\Kernel->bootstrap()
#16 /var/www/html/vendor/laravel/framework/src/Illuminate/Foundation/Http/Kernel.php(134): Illuminate\\Foundation\\Http\\Kernel->sendRequestThroughRouter()
#17 /var/www/html/public/index.php(51): Illuminate\\Foundation\\Http\\Kernel->handle()
#18 {main}
"} 
[2025-10-04 11:23:39] live.ERROR: Invalid characters present in locale. {"exception":"[object] (InvalidArgumentException(code: 0): Invalid characters present in locale. at /var/www/html/vendor/laravel/framework/src/Illuminate/Translation/Translator.php:441)
[stacktrace]
#0 /var/www/html/vendor/laravel/framework/src/Illuminate/Foundation/Application.php(1319): Illuminate\\Translation\\Translator->setLocale()
#1 /var/www/html/vendor/laravel/framework/src/Illuminate/Support/Facades/Facade.php(338): Illuminate\\Foundation\\Application->setLocale()
#2 /var/www/html/app/Providers/AppServiceProvider.php(45): Illuminate\\Support\\Facades\\Facade::__callStatic()
#3 /var/www/html/vendor/laravel/framework/src/Illuminate/Container/BoundMethod.php(36): App\\Providers\\AppServiceProvider->boot()
#4 /var/www/html/vendor/laravel/framework/src/Illuminate/Container/Util.php(41): Illuminate\\Container\\BoundMethod::Illuminate\\Container\\{closure}()
#5 /var/www/html/vendor/laravel/framework/src/Illuminate/Container/BoundMethod.php(93): Illuminate\\Container\\Util::unwrapIfClosure()
#6 /var/www/html/vendor/laravel/framework/src/Illuminate/Container/BoundMethod.php(35): Illuminate\\Container\\BoundMethod::callBoundMethod()
#7 /var/www/html/vendor/laravel/framework/src/Illuminate/Container/Container.php(661): Illuminate\\Container\\BoundMethod::call()
#8 /var/www/html/vendor/laravel/framework/src/Illuminate/Foundation/Application.php(954): Illuminate\\Container\\Container->call()
#9 /var/www/html/vendor/laravel/framework/src/Illuminate/Foundation/Application.php(935): Illuminate\\Foundation\\Application->bootProvider()
#10 [internal function]: Illuminate\\Foundation\\Application->Illuminate\\Foundation\\{closure}()
#11 /var/www/html/vendor/laravel/framework/src/Illuminate/Foundation/Application.php(934): array_walk()
#12 /var/www/html/vendor/laravel/framework/src/Illuminate/Foundation/Bootstrap/BootProviders.php(17): Illuminate\\Foundation\\Application->boot()
#13 /var/www/html/vendor/laravel/framework/src/Illuminate/Foundation/Application.php(265): Illuminate\\Foundation\\Bootstrap\\BootProviders->bootstrap()
#14 /var/www/html/vendor/laravel/framework/src/Illuminate/Foundation/Http/Kernel.php(176): Illuminate\\Foundation\\Application->bootstrapWith()
#15 /var/www/html/vendor/laravel/framework/src/Illuminate/Foundation/Http/Kernel.php(160): Illuminate\\Foundation\\Http\\Kernel->bootstrap()
#16 /var/www/html/vendor/laravel/framework/src/Illuminate/Foundation/Http/Kernel.php(134): Illuminate\\Foundation\\Http\\Kernel->sendRequestThroughRouter()
#17 /var/www/html/public/index.php(51): Illuminate\\Foundation\\Http\\Kernel->handle()
#18 {main}
"} 
[2025-10-04 11:31:24] live.INFO: About to call POS Controller {"authenticated_user_id":1,"business_id":1,"request_method":"POST","request_data_keys":["location_id","contact_id","products","payment","discount_amount","discount_type","shipping_charges","sale_note","status","is_direct_sale","transaction_date","invoice_no","is_quotation","final_total","tax_rate_id","shipping_details","additional_notes","staff_note","commission_agent"],"products_count":1,"location_id":503,"contact_id":13} 
[2025-10-04 11:51:25] live.INFO: About to call POS Controller {"authenticated_user_id":1,"business_id":1,"request_method":"POST","request_data_keys":["location_id","contact_id","products","payment","discount_amount","discount_type","shipping_charges","sale_note","status","is_direct_sale","transaction_date","invoice_no","is_quotation","final_total","tax_rate_id","shipping_details","additional_notes","staff_note","commission_agent"],"products_count":1,"location_id":503,"contact_id":13} 
[2025-10-04 12:08:23] live.INFO: About to call POS Controller {"authenticated_user_id":1,"business_id":1,"request_method":"POST","request_data_keys":["location_id","contact_id","products","payment","discount_amount","discount_type","shipping_charges","sale_note","status","is_direct_sale","transaction_date","invoice_no","is_quotation","final_total","tax_rate_id","shipping_details","additional_notes","staff_note","commission_agent"],"products_count":1,"location_id":503,"contact_id":13} 
[2025-10-04 12:21:07] live.INFO: About to call POS Controller {"authenticated_user_id":1,"business_id":1,"request_method":"POST","request_data_keys":["location_id","contact_id","products","payment","discount_amount","discount_type","shipping_charges","sale_note","status","is_direct_sale","transaction_date","invoice_no","is_quotation","final_total","tax_rate_id","shipping_details","additional_notes","staff_note","commission_agent"],"products_count":1,"location_id":503,"contact_id":13} 
[2025-10-04 12:35:07] live.INFO: About to call POS Controller {"authenticated_user_id":1,"business_id":1,"request_method":"POST","request_data_keys":["location_id","contact_id","products","payment","discount_amount","discount_type","shipping_charges","sale_note","status","is_direct_sale","transaction_date","invoice_no","is_quotation","final_total","tax_rate_id","shipping_details","additional_notes","staff_note","commission_agent"],"products_count":1,"location_id":503,"contact_id":13} 
[2025-10-04 12:50:21] live.INFO: About to call POS Controller {"authenticated_user_id":1,"business_id":1,"request_method":"POST","request_data_keys":["location_id","contact_id","products","payment","discount_amount","discount_type","shipping_charges","sale_note","status","is_direct_sale","transaction_date","invoice_no","is_quotation","final_total","tax_rate_id","shipping_details","additional_notes","staff_note","commission_agent"],"products_count":1,"location_id":503,"contact_id":13} 
[2025-10-04 13:39:40] live.INFO: About to call POS Controller {"authenticated_user_id":1,"business_id":1,"request_method":"POST","request_data_keys":["location_id","contact_id","products","payment","discount_amount","discount_type","shipping_charges","sale_note","status","is_direct_sale","transaction_date","invoice_no","is_quotation","final_total","tax_rate_id","shipping_details","additional_notes","staff_note","commission_agent"],"products_count":1,"location_id":503,"contact_id":13} 
[2025-10-04 13:49:06] live.INFO: About to call POS Controller {"authenticated_user_id":1,"business_id":1,"request_method":"POST","request_data_keys":["location_id","contact_id","products","payment","discount_amount","discount_type","shipping_charges","sale_note","status","is_direct_sale","transaction_date","invoice_no","is_quotation","final_total","tax_rate_id","shipping_details","additional_notes","staff_note","commission_agent"],"products_count":1,"location_id":503,"contact_id":13} 
[2025-10-04 13:50:37] live.INFO: About to call POS Controller {"authenticated_user_id":1,"business_id":1,"request_method":"POST","request_data_keys":["location_id","contact_id","products","payment","discount_amount","discount_type","shipping_charges","sale_note","status","is_direct_sale","transaction_date","invoice_no","is_quotation","final_total","tax_rate_id","shipping_details","additional_notes","staff_note","commission_agent"],"products_count":1,"location_id":503,"contact_id":13} 
[2025-10-04 14:11:07] live.INFO: About to call POS Controller {"authenticated_user_id":1,"business_id":1,"request_method":"POST","request_data_keys":["location_id","contact_id","products","payment","discount_amount","discount_type","shipping_charges","sale_note","status","is_direct_sale","transaction_date","invoice_no","is_quotation","final_total","tax_rate_id","shipping_details","additional_notes","staff_note","commission_agent"],"products_count":1,"location_id":503,"contact_id":13} 
[2025-10-04 15:00:08] live.INFO: About to call POS Controller {"authenticated_user_id":1,"business_id":1,"request_method":"POST","request_data_keys":["location_id","contact_id","products","payment","discount_amount","discount_type","shipping_charges","sale_note","status","is_direct_sale","transaction_date","invoice_no","is_quotation","final_total","tax_rate_id","shipping_details","additional_notes","staff_note","commission_agent"],"products_count":1,"location_id":503,"contact_id":13} 
[2025-10-04 15:08:06] live.INFO: About to call POS Controller {"authenticated_user_id":1,"business_id":1,"request_method":"POST","request_data_keys":["location_id","contact_id","products","payment","discount_amount","discount_type","shipping_charges","sale_note","status","is_direct_sale","transaction_date","invoice_no","is_quotation","final_total","tax_rate_id","shipping_details","additional_notes","staff_note","commission_agent"],"products_count":1,"location_id":503,"contact_id":13} 
[2025-10-04 15:17:38] live.INFO: About to call POS Controller {"authenticated_user_id":1,"business_id":1,"request_method":"POST","request_data_keys":["location_id","contact_id","products","payment","discount_amount","discount_type","shipping_charges","sale_note","status","is_direct_sale","transaction_date","invoice_no","is_quotation","final_total","tax_rate_id","shipping_details","additional_notes","staff_note","commission_agent"],"products_count":1,"location_id":503,"contact_id":13} 
[2025-10-04 15:31:07] live.INFO: About to call POS Controller {"authenticated_user_id":1,"business_id":1,"request_method":"POST","request_data_keys":["location_id","contact_id","products","payment","discount_amount","discount_type","shipping_charges","sale_note","status","is_direct_sale","transaction_date","invoice_no","is_quotation","final_total","tax_rate_id","shipping_details","additional_notes","staff_note","commission_agent"],"products_count":1,"location_id":503,"contact_id":13} 
[2025-10-04 15:33:38] live.INFO: About to call POS Controller {"authenticated_user_id":1,"business_id":1,"request_method":"POST","request_data_keys":["location_id","contact_id","products","payment","discount_amount","discount_type","shipping_charges","sale_note","status","is_direct_sale","transaction_date","invoice_no","is_quotation","final_total","tax_rate_id","shipping_details","additional_notes","staff_note","commission_agent"],"products_count":1,"location_id":503,"contact_id":13} 
[2025-10-04 15:43:07] live.INFO: About to call POS Controller {"authenticated_user_id":1,"business_id":1,"request_method":"POST","request_data_keys":["location_id","contact_id","products","payment","discount_amount","discount_type","shipping_charges","sale_note","status","is_direct_sale","transaction_date","invoice_no","is_quotation","final_total","tax_rate_id","shipping_details","additional_notes","staff_note","commission_agent"],"products_count":1,"location_id":503,"contact_id":13} 
[2025-10-04 16:02:07] live.INFO: About to call POS Controller {"authenticated_user_id":1,"business_id":1,"request_method":"POST","request_data_keys":["location_id","contact_id","products","payment","discount_amount","discount_type","shipping_charges","sale_note","status","is_direct_sale","transaction_date","invoice_no","is_quotation","final_total","tax_rate_id","shipping_details","additional_notes","staff_note","commission_agent"],"products_count":1,"location_id":503,"contact_id":13} 
[2025-10-04 16:11:08] live.INFO: About to call POS Controller {"authenticated_user_id":1,"business_id":1,"request_method":"POST","request_data_keys":["location_id","contact_id","products","payment","discount_amount","discount_type","shipping_charges","sale_note","status","is_direct_sale","transaction_date","invoice_no","is_quotation","final_total","tax_rate_id","shipping_details","additional_notes","staff_note","commission_agent"],"products_count":1,"location_id":503,"contact_id":13} 
[2025-10-04 16:11:21] live.INFO: About to call POS Controller {"authenticated_user_id":1,"business_id":1,"request_method":"POST","request_data_keys":["location_id","contact_id","products","payment","discount_amount","discount_type","shipping_charges","sale_note","status","is_direct_sale","transaction_date","invoice_no","is_quotation","final_total","tax_rate_id","shipping_details","additional_notes","staff_note","commission_agent"],"products_count":1,"location_id":503,"contact_id":13} 
[2025-10-04 16:56:24] live.INFO: About to call POS Controller {"authenticated_user_id":1,"business_id":1,"request_method":"POST","request_data_keys":["location_id","contact_id","products","payment","discount_amount","discount_type","shipping_charges","sale_note","status","is_direct_sale","transaction_date","invoice_no","is_quotation","final_total","tax_rate_id","shipping_details","additional_notes","staff_note","commission_agent"],"products_count":1,"location_id":503,"contact_id":13} 
[2025-10-04 17:10:43] live.INFO: About to call POS Controller {"authenticated_user_id":1,"business_id":1,"request_method":"POST","request_data_keys":["location_id","contact_id","products","payment","discount_amount","discount_type","shipping_charges","sale_note","status","is_direct_sale","transaction_date","invoice_no","is_quotation","final_total","tax_rate_id","shipping_details","additional_notes","staff_note","commission_agent"],"products_count":1,"location_id":503,"contact_id":13} 
[2025-10-04 17:24:17] live.INFO: About to call POS Controller {"authenticated_user_id":1,"business_id":1,"request_method":"POST","request_data_keys":["location_id","contact_id","products","payment","discount_amount","discount_type","shipping_charges","sale_note","status","is_direct_sale","transaction_date","invoice_no","is_quotation","final_total","tax_rate_id","shipping_details","additional_notes","staff_note","commission_agent"],"products_count":1,"location_id":503,"contact_id":13} 
[2025-10-04 17:44:25] live.INFO: About to call POS Controller {"authenticated_user_id":1,"business_id":1,"request_method":"POST","request_data_keys":["location_id","contact_id","products","payment","discount_amount","discount_type","shipping_charges","sale_note","status","is_direct_sale","transaction_date","invoice_no","is_quotation","final_total","tax_rate_id","shipping_details","additional_notes","staff_note","commission_agent"],"products_count":1,"location_id":503,"contact_id":13} 
[2025-10-04 18:18:22] live.INFO: About to call POS Controller {"authenticated_user_id":1,"business_id":1,"request_method":"POST","request_data_keys":["location_id","contact_id","products","payment","discount_amount","discount_type","shipping_charges","sale_note","status","is_direct_sale","transaction_date","invoice_no","is_quotation","final_total","tax_rate_id","shipping_details","additional_notes","staff_note","commission_agent"],"products_count":1,"location_id":503,"contact_id":13} 
[2025-10-04 18:34:07] live.INFO: About to call POS Controller {"authenticated_user_id":1,"business_id":1,"request_method":"POST","request_data_keys":["location_id","contact_id","products","payment","discount_amount","discount_type","shipping_charges","sale_note","status","is_direct_sale","transaction_date","invoice_no","is_quotation","final_total","tax_rate_id","shipping_details","additional_notes","staff_note","commission_agent"],"products_count":1,"location_id":503,"contact_id":13} 
[2025-10-04 18:34:11] live.INFO: About to call POS Controller {"authenticated_user_id":1,"business_id":1,"request_method":"POST","request_data_keys":["location_id","contact_id","products","payment","discount_amount","discount_type","shipping_charges","sale_note","status","is_direct_sale","transaction_date","invoice_no","is_quotation","final_total","tax_rate_id","shipping_details","additional_notes","staff_note","commission_agent"],"products_count":1,"location_id":503,"contact_id":13} 
[2025-10-04 18:41:22] live.INFO: About to call POS Controller {"authenticated_user_id":1,"business_id":1,"request_method":"POST","request_data_keys":["location_id","contact_id","products","payment","discount_amount","discount_type","shipping_charges","sale_note","status","is_direct_sale","transaction_date","invoice_no","is_quotation","final_total","tax_rate_id","shipping_details","additional_notes","staff_note","commission_agent"],"products_count":1,"location_id":503,"contact_id":13} 
[2025-10-04 18:50:23] live.INFO: About to call POS Controller {"authenticated_user_id":1,"business_id":1,"request_method":"POST","request_data_keys":["location_id","contact_id","products","payment","discount_amount","discount_type","shipping_charges","sale_note","status","is_direct_sale","transaction_date","invoice_no","is_quotation","final_total","tax_rate_id","shipping_details","additional_notes","staff_note","commission_agent"],"products_count":1,"location_id":503,"contact_id":13} 
[2025-10-04 19:07:25] live.INFO: About to call POS Controller {"authenticated_user_id":1,"business_id":1,"request_method":"POST","request_data_keys":["location_id","contact_id","products","payment","discount_amount","discount_type","shipping_charges","sale_note","status","is_direct_sale","transaction_date","invoice_no","is_quotation","final_total","tax_rate_id","shipping_details","additional_notes","staff_note","commission_agent"],"products_count":1,"location_id":503,"contact_id":13} 
[2025-10-04 19:26:17] live.INFO: About to call POS Controller {"authenticated_user_id":1,"business_id":1,"request_method":"POST","request_data_keys":["location_id","contact_id","products","payment","discount_amount","discount_type","shipping_charges","sale_note","status","is_direct_sale","transaction_date","invoice_no","is_quotation","final_total","tax_rate_id","shipping_details","additional_notes","staff_note","commission_agent"],"products_count":1,"location_id":503,"contact_id":13} 
[2025-10-04 19:27:06] live.INFO: About to call POS Controller {"authenticated_user_id":1,"business_id":1,"request_method":"POST","request_data_keys":["location_id","contact_id","products","payment","discount_amount","discount_type","shipping_charges","sale_note","status","is_direct_sale","transaction_date","invoice_no","is_quotation","final_total","tax_rate_id","shipping_details","additional_notes","staff_note","commission_agent"],"products_count":1,"location_id":503,"contact_id":13} 
[2025-10-04 19:57:54] live.INFO: About to call POS Controller {"authenticated_user_id":1,"business_id":1,"request_method":"POST","request_data_keys":["location_id","contact_id","products","payment","discount_amount","discount_type","shipping_charges","sale_note","status","is_direct_sale","transaction_date","invoice_no","is_quotation","final_total","tax_rate_id","shipping_details","additional_notes","staff_note","commission_agent"],"products_count":1,"location_id":503,"contact_id":13} 
[2025-10-04 20:22:18] live.INFO: About to call POS Controller {"authenticated_user_id":1,"business_id":1,"request_method":"POST","request_data_keys":["location_id","contact_id","products","payment","discount_amount","discount_type","shipping_charges","sale_note","status","is_direct_sale","transaction_date","invoice_no","is_quotation","final_total","tax_rate_id","shipping_details","additional_notes","staff_note","commission_agent"],"products_count":1,"location_id":503,"contact_id":13} 
[2025-10-04 20:51:08] live.INFO: About to call POS Controller {"authenticated_user_id":1,"business_id":1,"request_method":"POST","request_data_keys":["location_id","contact_id","products","payment","discount_amount","discount_type","shipping_charges","sale_note","status","is_direct_sale","transaction_date","invoice_no","is_quotation","final_total","tax_rate_id","shipping_details","additional_notes","staff_note","commission_agent"],"products_count":1,"location_id":503,"contact_id":13} 
[2025-10-04 21:55:06] live.INFO: About to call POS Controller {"authenticated_user_id":1,"business_id":1,"request_method":"POST","request_data_keys":["location_id","contact_id","products","payment","discount_amount","discount_type","shipping_charges","sale_note","status","is_direct_sale","transaction_date","invoice_no","is_quotation","final_total","tax_rate_id","shipping_details","additional_notes","staff_note","commission_agent"],"products_count":1,"location_id":503,"contact_id":13} 
[2025-10-04 21:59:53] live.INFO: About to call POS Controller {"authenticated_user_id":1,"business_id":1,"request_method":"POST","request_data_keys":["location_id","contact_id","products","payment","discount_amount","discount_type","shipping_charges","sale_note","status","is_direct_sale","transaction_date","invoice_no","is_quotation","final_total","tax_rate_id","shipping_details","additional_notes","staff_note","commission_agent"],"products_count":1,"location_id":503,"contact_id":13} 
[2025-10-04 22:04:39] live.EMERGENCY: File:/var/www/html/vendor/laravel/framework/src/Illuminate/Support/helpers.phpLine:340Message:The invoice file must not be greater than 2048 kilobytes.  
[2025-10-04 22:13:22] live.INFO: About to call POS Controller {"authenticated_user_id":1,"business_id":1,"request_method":"POST","request_data_keys":["location_id","contact_id","products","payment","discount_amount","discount_type","shipping_charges","sale_note","status","is_direct_sale","transaction_date","invoice_no","is_quotation","final_total","tax_rate_id","shipping_details","additional_notes","staff_note","commission_agent"],"products_count":1,"location_id":503,"contact_id":13} 
[2025-10-04 22:44:17] live.INFO: About to call POS Controller {"authenticated_user_id":1,"business_id":1,"request_method":"POST","request_data_keys":["location_id","contact_id","products","payment","discount_amount","discount_type","shipping_charges","sale_note","status","is_direct_sale","transaction_date","invoice_no","is_quotation","final_total","tax_rate_id","shipping_details","additional_notes","staff_note","commission_agent"],"products_count":1,"location_id":503,"contact_id":13} 
[2025-10-04 22:53:47] live.INFO: About to call POS Controller {"authenticated_user_id":1,"business_id":1,"request_method":"POST","request_data_keys":["location_id","contact_id","products","payment","discount_amount","discount_type","shipping_charges","sale_note","status","is_direct_sale","transaction_date","invoice_no","is_quotation","final_total","tax_rate_id","shipping_details","additional_notes","staff_note","commission_agent"],"products_count":1,"location_id":503,"contact_id":13} 
[2025-10-04 23:01:22] live.INFO: About to call POS Controller {"authenticated_user_id":1,"business_id":1,"request_method":"POST","request_data_keys":["location_id","contact_id","products","payment","discount_amount","discount_type","shipping_charges","sale_note","status","is_direct_sale","transaction_date","invoice_no","is_quotation","final_total","tax_rate_id","shipping_details","additional_notes","staff_note","commission_agent"],"products_count":1,"location_id":503,"contact_id":13} 
[2025-10-04 23:04:38] live.INFO: About to call POS Controller {"authenticated_user_id":1,"business_id":1,"request_method":"POST","request_data_keys":["location_id","contact_id","products","payment","discount_amount","discount_type","shipping_charges","sale_note","status","is_direct_sale","transaction_date","invoice_no","is_quotation","final_total","tax_rate_id","shipping_details","additional_notes","staff_note","commission_agent"],"products_count":1,"location_id":503,"contact_id":13} 
[2025-10-04 23:12:07] live.INFO: About to call POS Controller {"authenticated_user_id":1,"business_id":1,"request_method":"POST","request_data_keys":["location_id","contact_id","products","payment","discount_amount","discount_type","shipping_charges","sale_note","status","is_direct_sale","transaction_date","invoice_no","is_quotation","final_total","tax_rate_id","shipping_details","additional_notes","staff_note","commission_agent"],"products_count":1,"location_id":503,"contact_id":13} 
[2025-10-04 23:25:07] live.INFO: About to call POS Controller {"authenticated_user_id":1,"business_id":1,"request_method":"POST","request_data_keys":["location_id","contact_id","products","payment","discount_amount","discount_type","shipping_charges","sale_note","status","is_direct_sale","transaction_date","invoice_no","is_quotation","final_total","tax_rate_id","shipping_details","additional_notes","staff_note","commission_agent"],"products_count":1,"location_id":503,"contact_id":13} 
[2025-10-04 23:38:06] live.INFO: About to call POS Controller {"authenticated_user_id":1,"business_id":1,"request_method":"POST","request_data_keys":["location_id","contact_id","products","payment","discount_amount","discount_type","shipping_charges","sale_note","status","is_direct_sale","transaction_date","invoice_no","is_quotation","final_total","tax_rate_id","shipping_details","additional_notes","staff_note","commission_agent"],"products_count":1,"location_id":503,"contact_id":13} 
[2025-10-04 23:57:08] live.WARNING: VariationGroupPrice not found {"variation_id":"813","price_group_id":"NaN"} 
